{"C:\\Work\\ijpassesmentNew\\index.js": {"path":"C:\\Work\\ijpassesmentNew\\index.js","statementMap":{"0":{"start":{"line":1,"column":12},"end":{"line":1,"column":32}},"1":{"start":{"line":2,"column":13},"end":{"line":2,"column":38}},"2":{"start":{"line":3,"column":19},"end":{"line":3,"column":51}},"3":{"start":{"line":4,"column":24},"end":{"line":4,"column":61}},"4":{"start":{"line":5,"column":17},"end":{"line":5,"column":47}},"5":{"start":{"line":6,"column":16},"end":{"line":6,"column":45}},"6":{"start":{"line":7,"column":15},"end":{"line":7,"column":39}},"7":{"start":{"line":8,"column":0},"end":{"line":8,"column":27}},"8":{"start":{"line":9,"column":0},"end":{"line":9,"column":36}},"9":{"start":{"line":11,"column":10},"end":{"line":11,"column":39}},"10":{"start":{"line":12,"column":13},"end":{"line":12,"column":42}},"11":{"start":{"line":14,"column":0},"end":{"line":14,"column":52}},"12":{"start":{"line":15,"column":0},"end":{"line":15,"column":81}},"13":{"start":{"line":16,"column":0},"end":{"line":16,"column":83}},"14":{"start":{"line":18,"column":0},"end":{"line":25,"column":5}},"15":{"start":{"line":19,"column":4},"end":{"line":24,"column":5}},"16":{"start":{"line":20,"column":31},"end":{"line":20,"column":101}},"17":{"start":{"line":21,"column":8},"end":{"line":21,"column":41}},"18":{"start":{"line":23,"column":8},"end":{"line":23,"column":48}},"19":{"start":{"line":28,"column":4},"end":{"line":28,"column":72}},"20":{"start":{"line":30,"column":24},"end":{"line":30,"column":79}},"21":{"start":{"line":32,"column":21},"end":{"line":32,"column":23}},"22":{"start":{"line":33,"column":4},"end":{"line":50,"column":7}},"23":{"start":{"line":35,"column":23},"end":{"line":35,"column":56}},"24":{"start":{"line":36,"column":8},"end":{"line":36,"column":70}},"25":{"start":{"line":37,"column":8},"end":{"line":37,"column":63}},"26":{"start":{"line":40,"column":31},"end":{"line":40,"column":86}},"27":{"start":{"line":41,"column":18},"end":{"line":43,"column":47}},"28":{"start":{"line":45,"column":8},"end":{"line":45,"column":37}},"29":{"start":{"line":46,"column":8},"end":{"line":46,"column":30}},"30":{"start":{"line":48,"column":8},"end":{"line":48,"column":28}},"31":{"start":{"line":49,"column":8},"end":{"line":49,"column":28}},"32":{"start":{"line":52,"column":4},"end":{"line":52,"column":73}},"33":{"start":{"line":55,"column":0},"end":{"line":55,"column":47}}},"fnMap":{"0":{"name":"(anonymous_0)","decl":{"start":{"line":18,"column":1},"end":{"line":18,"column":2}},"loc":{"start":{"line":18,"column":13},"end":{"line":25,"column":1}},"line":18},"1":{"name":"generateReport","decl":{"start":{"line":27,"column":9},"end":{"line":27,"column":23}},"loc":{"start":{"line":27,"column":42},"end":{"line":53,"column":1}},"line":27},"2":{"name":"(anonymous_2)","decl":{"start":{"line":33,"column":26},"end":{"line":33,"column":27}},"loc":{"start":{"line":33,"column":32},"end":{"line":50,"column":5}},"line":33}},"branchMap":{"0":{"loc":{"start":{"line":11,"column":10},"end":{"line":11,"column":39}},"type":"binary-expr","locations":[{"start":{"line":11,"column":10},"end":{"line":11,"column":30}},{"start":{"line":11,"column":34},"end":{"line":11,"column":39}}],"line":11},"1":{"loc":{"start":{"line":41,"column":18},"end":{"line":43,"column":47}},"type":"cond-expr","locations":[{"start":{"line":42,"column":12},"end":{"line":42,"column":107}},{"start":{"line":43,"column":12},"end":{"line":43,"column":47}}],"line":41}},"s":{"0":1,"1":1,"2":1,"3":1,"4":1,"5":1,"6":1,"7":1,"8":1,"9":1,"10":1,"11":1,"12":1,"13":1,"14":1,"15":1,"16":1,"17":1,"18":1,"19":2,"20":1,"21":1,"22":1,"23":1,"24":1,"25":1,"26":1,"27":1,"28":1,"29":1,"30":1,"31":1,"32":1,"33":1},"f":{"0":1,"1":2,"2":1},"b":{"0":[1,0],"1":[0,1]},"_coverageSchema":"1a1c01bbd47fc00a2c39e90264f33305004495a9","hash":"0a214dc8c4b0a9bcbe03374a52d57c1293a46175"}
,"C:\\Work\\ijpassesmentNew\\helper\\configHelper.js": {"path":"C:\\Work\\ijpassesmentNew\\helper\\configHelper.js","statementMap":{"0":{"start":{"line":1,"column":9},"end":{"line":1,"column":22}},"1":{"start":{"line":2,"column":11},"end":{"line":2,"column":29}},"2":{"start":{"line":5,"column":4},"end":{"line":11,"column":5}},"3":{"start":{"line":6,"column":23},"end":{"line":6,"column":85}},"4":{"start":{"line":7,"column":29},"end":{"line":7,"column":60}},"5":{"start":{"line":8,"column":8},"end":{"line":8,"column":22}},"6":{"start":{"line":10,"column":8},"end":{"line":10,"column":22}},"7":{"start":{"line":14,"column":17},"end":{"line":16,"column":1}},"8":{"start":{"line":15,"column":4},"end":{"line":15,"column":21}},"9":{"start":{"line":18,"column":0},"end":{"line":18,"column":29}},"10":{"start":{"line":19,"column":0},"end":{"line":19,"column":31}},"11":{"start":{"line":21,"column":0},"end":{"line":21,"column":37}},"12":{"start":{"line":22,"column":0},"end":{"line":22,"column":39}}},"fnMap":{"0":{"name":"getConfig","decl":{"start":{"line":4,"column":9},"end":{"line":4,"column":18}},"loc":{"start":{"line":4,"column":21},"end":{"line":12,"column":1}},"line":4},"1":{"name":"(anonymous_1)","decl":{"start":{"line":14,"column":17},"end":{"line":14,"column":18}},"loc":{"start":{"line":14,"column":32},"end":{"line":16,"column":1}},"line":14}},"branchMap":{},"s":{"0":1,"1":1,"2":4,"3":4,"4":4,"5":4,"6":0,"7":1,"8":0,"9":1,"10":1,"11":1,"12":1},"f":{"0":4,"1":0},"b":{},"_coverageSchema":"1a1c01bbd47fc00a2c39e90264f33305004495a9","hash":"585363076fdb86e026625bfc60548e1d4d6539e6"}
,"C:\\Work\\ijpassesmentNew\\helper\\constants.js": {"path":"C:\\Work\\ijpassesmentNew\\helper\\constants.js","statementMap":{"0":{"start":{"line":1,"column":16},"end":{"line":6,"column":1}},"1":{"start":{"line":8,"column":0},"end":{"line":8,"column":37}}},"fnMap":{},"branchMap":{},"s":{"0":2,"1":2},"f":{},"b":{},"_coverageSchema":"1a1c01bbd47fc00a2c39e90264f33305004495a9","hash":"1926c6b507b8cd9929c21b34b5ce7d65867fae2b"}
,"C:\\Work\\ijpassesmentNew\\helper\\creditLimitHelper.js": {"path":"C:\\Work\\ijpassesmentNew\\helper\\creditLimitHelper.js","statementMap":{"0":{"start":{"line":1,"column":16},"end":{"line":1,"column":38}},"1":{"start":{"line":3,"column":28},"end":{"line":12,"column":1}},"2":{"start":{"line":4,"column":20},"end":{"line":4,"column":39}},"3":{"start":{"line":5,"column":4},"end":{"line":5,"column":85}},"4":{"start":{"line":5,"column":29},"end":{"line":5,"column":83}},"5":{"start":{"line":6,"column":24},"end":{"line":6,"column":26}},"6":{"start":{"line":7,"column":4},"end":{"line":10,"column":6}},"7":{"start":{"line":8,"column":8},"end":{"line":9,"column":57}},"8":{"start":{"line":8,"column":26},"end":{"line":8,"column":91}},"9":{"start":{"line":9,"column":13},"end":{"line":9,"column":57}},"10":{"start":{"line":11,"column":4},"end":{"line":11,"column":25}},"11":{"start":{"line":15,"column":19},"end":{"line":15,"column":21}},"12":{"start":{"line":16,"column":4},"end":{"line":18,"column":5}},"13":{"start":{"line":17,"column":8},"end":{"line":17,"column":77}},"14":{"start":{"line":19,"column":4},"end":{"line":19,"column":36}},"15":{"start":{"line":23,"column":27},"end":{"line":23,"column":28}},"16":{"start":{"line":24,"column":4},"end":{"line":26,"column":5}},"17":{"start":{"line":25,"column":8},"end":{"line":25,"column":69}},"18":{"start":{"line":27,"column":4},"end":{"line":27,"column":65}},"19":{"start":{"line":30,"column":0},"end":{"line":30,"column":57}},"20":{"start":{"line":31,"column":0},"end":{"line":31,"column":41}},"21":{"start":{"line":32,"column":0},"end":{"line":32,"column":85}}},"fnMap":{"0":{"name":"(anonymous_0)","decl":{"start":{"line":3,"column":28},"end":{"line":3,"column":29}},"loc":{"start":{"line":3,"column":39},"end":{"line":12,"column":1}},"line":3},"1":{"name":"(anonymous_1)","decl":{"start":{"line":5,"column":20},"end":{"line":5,"column":21}},"loc":{"start":{"line":5,"column":29},"end":{"line":5,"column":83}},"line":5},"2":{"name":"(anonymous_2)","decl":{"start":{"line":7,"column":20},"end":{"line":7,"column":21}},"loc":{"start":{"line":7,"column":29},"end":{"line":10,"column":5}},"line":7},"3":{"name":"getEntities","decl":{"start":{"line":14,"column":9},"end":{"line":14,"column":20}},"loc":{"start":{"line":14,"column":29},"end":{"line":20,"column":1}},"line":14},"4":{"name":"getSubEntitiesCombinedUtilisation","decl":{"start":{"line":22,"column":9},"end":{"line":22,"column":42}},"loc":{"start":{"line":22,"column":51},"end":{"line":28,"column":1}},"line":22}},"branchMap":{"0":{"loc":{"start":{"line":8,"column":8},"end":{"line":9,"column":57}},"type":"if","locations":[{"start":{"line":8,"column":8},"end":{"line":9,"column":57}},{"start":{"line":8,"column":8},"end":{"line":9,"column":57}}],"line":8}},"s":{"0":2,"1":2,"2":3,"3":3,"4":9,"5":3,"6":3,"7":9,"8":6,"9":3,"10":3,"11":6,"12":6,"13":4,"14":6,"15":6,"16":6,"17":4,"18":6,"19":2,"20":2,"21":2},"f":{"0":3,"1":9,"2":9,"3":6,"4":6},"b":{"0":[6,3]},"_coverageSchema":"1a1c01bbd47fc00a2c39e90264f33305004495a9","hash":"d2eb7ac89ddebf41408de1f8249f3aa07946ce0e"}
,"C:\\Work\\ijpassesmentNew\\helper\\fileHelper.js": {"path":"C:\\Work\\ijpassesmentNew\\helper\\fileHelper.js","statementMap":{"0":{"start":{"line":1,"column":12},"end":{"line":1,"column":32}},"1":{"start":{"line":2,"column":11},"end":{"line":2,"column":24}},"2":{"start":{"line":3,"column":13},"end":{"line":3,"column":39}},"3":{"start":{"line":6,"column":15},"end":{"line":6,"column":17}},"4":{"start":{"line":7,"column":4},"end":{"line":9,"column":94}},"5":{"start":{"line":8,"column":26},"end":{"line":8,"column":40}},"6":{"start":{"line":9,"column":26},"end":{"line":9,"column":49}},"7":{"start":{"line":9,"column":50},"end":{"line":9,"column":90}},"8":{"start":{"line":10,"column":4},"end":{"line":10,"column":16}},"9":{"start":{"line":14,"column":4},"end":{"line":17,"column":7}},"10":{"start":{"line":15,"column":33},"end":{"line":15,"column":57}},"11":{"start":{"line":16,"column":8},"end":{"line":16,"column":34}},"12":{"start":{"line":21,"column":14},"end":{"line":21,"column":41}},"13":{"start":{"line":22,"column":4},"end":{"line":28,"column":7}},"14":{"start":{"line":23,"column":8},"end":{"line":27,"column":9}},"15":{"start":{"line":24,"column":12},"end":{"line":24,"column":106}},"16":{"start":{"line":26,"column":12},"end":{"line":26,"column":63}},"17":{"start":{"line":31,"column":0},"end":{"line":31,"column":59}},"18":{"start":{"line":32,"column":0},"end":{"line":32,"column":43}},"19":{"start":{"line":33,"column":0},"end":{"line":33,"column":41}}},"fnMap":{"0":{"name":"readCreditLimitsData","decl":{"start":{"line":5,"column":15},"end":{"line":5,"column":35}},"loc":{"start":{"line":5,"column":46},"end":{"line":11,"column":1}},"line":5},"1":{"name":"(anonymous_1)","decl":{"start":{"line":8,"column":14},"end":{"line":8,"column":15}},"loc":{"start":{"line":8,"column":24},"end":{"line":8,"column":42}},"line":8},"2":{"name":"(anonymous_2)","decl":{"start":{"line":9,"column":15},"end":{"line":9,"column":16}},"loc":{"start":{"line":9,"column":24},"end":{"line":9,"column":92}},"line":9},"3":{"name":"readFileData","decl":{"start":{"line":13,"column":15},"end":{"line":13,"column":27}},"loc":{"start":{"line":13,"column":38},"end":{"line":18,"column":1}},"line":13},"4":{"name":"(anonymous_4)","decl":{"start":{"line":14,"column":23},"end":{"line":14,"column":24}},"loc":{"start":{"line":14,"column":44},"end":{"line":17,"column":5}},"line":14},"5":{"name":"writeToFile","decl":{"start":{"line":20,"column":9},"end":{"line":20,"column":20}},"loc":{"start":{"line":20,"column":40},"end":{"line":29,"column":1}},"line":20},"6":{"name":"(anonymous_6)","decl":{"start":{"line":22,"column":40},"end":{"line":22,"column":41}},"loc":{"start":{"line":22,"column":55},"end":{"line":28,"column":5}},"line":22}},"branchMap":{"0":{"loc":{"start":{"line":23,"column":8},"end":{"line":27,"column":9}},"type":"if","locations":[{"start":{"line":23,"column":8},"end":{"line":27,"column":9}},{"start":{"line":23,"column":8},"end":{"line":27,"column":9}}],"line":23}},"s":{"0":2,"1":2,"2":2,"3":0,"4":0,"5":0,"6":0,"7":0,"8":0,"9":0,"10":0,"11":0,"12":1,"13":1,"14":0,"15":0,"16":0,"17":2,"18":2,"19":2},"f":{"0":0,"1":0,"2":0,"3":0,"4":0,"5":1,"6":0},"b":{"0":[0,0]},"_coverageSchema":"1a1c01bbd47fc00a2c39e90264f33305004495a9","hash":"365c70d6ace3a61e9f52f913a2ad7950c56056b6"}
}
